\BOOKMARK [0][-]{chapter.1}{Distortion Attenuation for Loudspeakers}{}% 1
\BOOKMARK [1][-]{section*.2}{Introduction}{chapter.1}% 2
\BOOKMARK [1][-]{section.1.1}{Moving-coil Loudspeakers}{chapter.1}% 3
\BOOKMARK [2][-]{subsection.1.1.1}{Loudspeakers electrical equivalent circuit}{section.1.1}% 4
\BOOKMARK [3][-]{section*.4}{Problem 1}{subsection.1.1.1}% 5
\BOOKMARK [3][-]{section*.5}{Problem 2}{subsection.1.1.1}% 6
\BOOKMARK [3][-]{section*.6}{Problem 3}{subsection.1.1.1}% 7
\BOOKMARK [2][-]{subsection.1.1.2}{Harmonic Distortion}{section.1.1}% 8
\BOOKMARK [3][-]{section*.9}{Problem 4}{subsection.1.1.2}% 9
\BOOKMARK [3][-]{section*.10}{Problem 5}{subsection.1.1.2}% 10
\BOOKMARK [2][-]{subsection.1.1.3}{Linearised Model}{section.1.1}% 11
\BOOKMARK [3][-]{section*.12}{Problem 6}{subsection.1.1.3}% 12
\BOOKMARK [3][-]{section*.13}{Problem 7}{subsection.1.1.3}% 13
\BOOKMARK [3][-]{section*.14}{Problem 8}{subsection.1.1.3}% 14
\BOOKMARK [3][-]{section*.15}{Problem 9}{subsection.1.1.3}% 15
\BOOKMARK [2][-]{subsection.1.1.4}{Harmonic distortion and fictitious disturbances}{section.1.1}% 16
\BOOKMARK [3][-]{section*.18}{Problem 10}{subsection.1.1.4}% 17
\BOOKMARK [3][-]{section*.19}{Problem 11}{subsection.1.1.4}% 18
\BOOKMARK [1][-]{section.1.2}{Distortion Attenuation}{chapter.1}% 19
\BOOKMARK [2][-]{subsection.1.2.1}{System discretization}{section.1.2}% 20
\BOOKMARK [3][-]{section*.22}{Problem 12}{subsection.1.2.1}% 21
\BOOKMARK [3][-]{section*.23}{Problem 13}{subsection.1.2.1}% 22
\BOOKMARK [2][-]{subsection.1.2.2}{Voice coil position reference tracking}{section.1.2}% 23
\BOOKMARK [3][-]{section*.26}{Problem 14}{subsection.1.2.2}% 24
\BOOKMARK [3][-]{section*.27}{Problem 15}{subsection.1.2.2}% 25
\BOOKMARK [3][-]{section*.30}{Problem 16}{subsection.1.2.2}% 26
\BOOKMARK [3][-]{section*.34}{Problem 17}{subsection.1.2.2}% 27
\BOOKMARK [3][-]{section*.38}{Problem 18}{subsection.1.2.2}% 28
\BOOKMARK [2][-]{subsection.1.2.3}{Output feedback voice coil position tracking control with disturbance rejection}{section.1.2}% 29
\BOOKMARK [3][-]{section*.40}{Problem 19}{subsection.1.2.3}% 30
\BOOKMARK [3][-]{section*.41}{Problem 20}{subsection.1.2.3}% 31
\BOOKMARK [3][-]{section*.42}{Problem 21}{subsection.1.2.3}% 32
\BOOKMARK [3][-]{section*.43}{Problem 22}{subsection.1.2.3}% 33
\BOOKMARK [1][-]{section*.44}{Conclusion}{chapter.1}% 34
\BOOKMARK [0][-]{appendix.A}{SIMULINK Model of the Nonlinear System}{}% 35
\BOOKMARK [0][-]{appendix.B}{Block Diagram of the Linearised Loudspeaker}{}% 36
\BOOKMARK [0][-]{appendix.C}{SIMULINK Model of the Linear System}{}% 37
\BOOKMARK [0][-]{appendix.D}{SIMULINK Model of the Linear System with Disturbance in Continuous Time}{}% 38
\BOOKMARK [0][-]{appendix.E}{SIMULINK Model of the Linear System with Disturbance in Discrete Time}{}% 39
\BOOKMARK [0][-]{appendix.F}{SIMULINK Model of the Discrete Time Linear System with the Feedback Controller}{}% 40
\BOOKMARK [0][-]{appendix.G}{SIMULINK Model of the Continuous Time Linear System with the Discrete Time Feedback}{}% 41
\BOOKMARK [0][-]{appendix.H}{SIMULINK Model of the Nonlinear Model with the Discrete Time Feedback}{}% 42
\BOOKMARK [0][-]{appendix.I}{SIMULINK Model of Kalman filter for the linear model with disturbance}{}% 43
